********************************************************************************
DUPLICATOR-LITE PACKAGE-LOG: August 9, 2018 12:47 am
NOTICE: Do NOT post to public sites or forums 
********************************************************************************
VERSION:	1.2.40
WORDPRESS:	4.9.8
PHP INFO:	7.2.1 | SAPI: apache2handler
SERVER:		Apache/2.2.31 (Win32) DAV/2 mod_ssl/2.2.31 OpenSSL/1.0.2h mod_fcgid/2.3.9 mod_wsgi/3.4 Python/2.7.6 PHP/7.2.1 mod_perl/2.0.8 Perl/v5.16.3 
PHP TIME LIMIT: (0) no time limit imposed 
PHP MAX MEMORY: 2048M (128M default) 
MEMORY STACK: 16MB 

********************************************************************************
DATABASE:
********************************************************************************
BUILD MODE:   PHP(query limit - 100)
MYSQLTIMEOUT: 5000
MYSQLDUMP:    Not Supported 
TABLES: total:15 | filtered:0 | create:15 
FILTERED: [] 
SQL CREATED: 20180809_puertonaturahotelyspa_1ea880c40424789e1942180809004532_database.sql 
SQL FILE SIZE: 818.44KB (838085) 
SQL FILE TIME: 2018-08-09 00:47:01 
SQL RUNTIME: 0.61 sec. 

******************************************************************************** 
ARCHIVE (ZIP): 
******************************************************************************** 
ARCHIVE DIR:  C:/wordpres 
ARCHIVE FILE: 20180809_puertonaturahotelyspa_1ea880c40424789e1942180809004532_archive.zip 
FILTERS: *OFF* 
DIRS:
	not set 
FILES:
	not set 
EXTS:  not set 
---------------------------------------- 
COMPRESSING 
SIZE:	157.89MB 
STATS:	Dirs 1,385 | Files 10,460 
SQL ADDED: 20180809_puertonaturahotelyspa_1ea880c40424789e1942180809004532_database.sql 
ZipArchive Object
(
    [status] => 0
    [statusSys] => 0
    [numFiles] => 11845
    [filename] => C:\wordpres\wp-snapshots\tmp\20180809_puertonaturahotelyspa_1ea880c40424789e1942180809004532_archive.zip
    [comment] => 
)
 
COMPRESSION RESULT: '1' 
COMPRESSED SIZE: 72.6MB 
ARCHIVE RUNTIME: 108.58 sec. 
MEMORY STACK: 18MB 

******************************************************************************** 
MAKE INSTALLER: 
******************************************************************************** 
Build Start 
Build Finished 
Preping for use 
PACK SIZE:  
Template parsed with new data 
Complete [C:/wordpres/wp-snapshots/tmp/20180809_puertonaturahotelyspa_1ea880c40424789e1942180809004532_installer.php] 
Added to archive 

******************************************************************************** 
INTEGRITY CHECKS: 
******************************************************************************** 
SQL File: 818.44KB 
Installer File: 445.89KB 
Archive File: 72.6MB  

********************************************************************************
RECORD ID:[1]
TOTAL PROCESS RUNTIME: 114.53 sec.
PEAK PHP MEMORY USED: 18MB
DONE PROCESSING => 20180809_puertonaturahotelyspa August 9, 2018 12:48 am
 
