********************************************************************************
DUPLICATOR-LITE PACKAGE-LOG: August 9, 2018 5:18 am
NOTICE: Do NOT post to public sites or forums 
********************************************************************************
VERSION:	1.2.40
WORDPRESS:	4.9.8
PHP INFO:	7.2.1 | SAPI: apache2handler
SERVER:		Apache/2.2.31 (Win32) DAV/2 mod_ssl/2.2.31 OpenSSL/1.0.2h mod_fcgid/2.3.9 mod_wsgi/3.4 Python/2.7.6 PHP/7.2.1 mod_perl/2.0.8 Perl/v5.16.3 
PHP TIME LIMIT: (0) no time limit imposed 
PHP MAX MEMORY: 2048M (128M default) 
MEMORY STACK: 4MB 

********************************************************************************
DATABASE:
********************************************************************************
BUILD MODE:   PHP(query limit - 100)
MYSQLTIMEOUT: 5000
MYSQLDUMP:    Not Supported 
TABLES: total:23 | filtered:0 | create:23 
FILTERED: [] 
SQL CREATED: 20180809_puertonaturahotelyspa_794430f3f4ba54318689180809051713_database.sql 
SQL FILE SIZE: 911.82KB (933699) 
SQL FILE TIME: 2018-08-09 05:18:02 
SQL RUNTIME: 0.52 sec. 

******************************************************************************** 
ARCHIVE (ZIP): 
******************************************************************************** 
ARCHIVE DIR:  C:/wordpres 
ARCHIVE FILE: 20180809_puertonaturahotelyspa_794430f3f4ba54318689180809051713_archive.zip 
FILTERS: *OFF* 
DIRS:
	not set 
FILES:
	not set 
EXTS:  not set 
---------------------------------------- 
COMPRESSING 
SIZE:	189.79MB 
STATS:	Dirs 1,416 | Files 10,962 
SQL ADDED: 20180809_puertonaturahotelyspa_794430f3f4ba54318689180809051713_database.sql 
ZipArchive Object
(
    [status] => 0
    [statusSys] => 0
    [numFiles] => 12378
    [filename] => C:\wordpres\wp-snapshots\tmp\20180809_puertonaturahotelyspa_794430f3f4ba54318689180809051713_archive.zip
    [comment] => 
)
 
COMPRESSION RESULT: '1' 
COMPRESSED SIZE: 93.5MB 
ARCHIVE RUNTIME: 89.86 sec. 
MEMORY STACK: 8MB 

******************************************************************************** 
MAKE INSTALLER: 
******************************************************************************** 
Build Start 
Build Finished 
Preping for use 
PACK SIZE:  
Template parsed with new data 
Complete [C:/wordpres/wp-snapshots/tmp/20180809_puertonaturahotelyspa_794430f3f4ba54318689180809051713_installer.php] 
Added to archive 

******************************************************************************** 
INTEGRITY CHECKS: 
******************************************************************************** 
SQL File: 911.82KB 
Installer File: 445.89KB 
Archive File: 93.5MB  

********************************************************************************
RECORD ID:[2]
TOTAL PROCESS RUNTIME: 94.74 sec.
PEAK PHP MEMORY USED: 8MB
DONE PROCESSING => 20180809_puertonaturahotelyspa August 9, 2018 5:19 am
 
